        -:    0:Source:Ambush.cpp
        -:    1:#include <iostream>
        -:    2:using namespace std ;
        -:    3:
        -:    4:#include "Ambush.h"
        -:    5:
        3:    6:void Ambush::engage() 
        -:    7:{
        3:    8:   cout << "Implementing the Ambush's engage()" << endl;
        3:    9:}
        6:   10:Ambush::~Ambush()
        -:   11:{
        3:   12:      cout << "Ambush deleting" << endl;
        6:   13:}
------------------
_ZN6AmbushD0Ev:
        3:   10:Ambush::~Ambush()
        -:   11:{
        -:   12:      cout << "Ambush deleting" << endl;
        3:   13:}
------------------
_ZN6AmbushD2Ev:
        3:   10:Ambush::~Ambush()
        -:   11:{
        3:   12:      cout << "Ambush deleting" << endl;
        3:   13:}
------------------
