        -:    0:Source:Artillery.cpp
        -:    1:#include <iostream>
        -:    2:using namespace std;
        -:    3:
        -:    4:#include "Artillery.h"
        -:    5:
        -:    6:
       11:    7:void Artillery::move()
        -:    8:{
       11:    9:     cout << "Artillery is moving on the battlefield."<<endl;
       11:   10:}
        -:   11:
        3:   12:void Artillery::attack()
        -:   13:{
        3:   14:    cout << "Artillery is engaging in combat."<<endl;
        3:   15:}
        8:   16:void Artillery::fight(){
        8:   17:    cout << "Artillery firing ." << endl ;
        8:   18:}
        5:   19:void Artillery::add(UnitComponent* component) {
        5:   20:        std::cout << "Cannot add to leaf unit." << std::endl;
        5:   21:    }
        -:   22:
        5:   23:void Artillery :: remove(UnitComponent* component)  {
        5:   24:        std::cout << "Cannot remove from leaf unit." << std::endl;
        5:   25:    }
        -:   26:
      11*:   27:Artillery::~Artillery()
      11*:   28:{}
------------------
_ZN9ArtilleryD0Ev:
    #####:   27:Artillery::~Artillery()
    #####:   28:{}
------------------
_ZN9ArtilleryD2Ev:
       11:   27:Artillery::~Artillery()
       11:   28:{}
------------------
