        -:    0:Source:BattleStrategy.cpp
        -:    1:#include <iostream>
        -:    2:
        -:    3:#include "BattleStrategy.h"
        -:    4:
        -:    5:using namespace std;
        -:    6:
       3*:    7:BattleStrategy::~BattleStrategy() 
       3*:    8:{ }
------------------
_ZN14BattleStrategyD0Ev:
    #####:    7:BattleStrategy::~BattleStrategy() 
    #####:    8:{ }
------------------
_ZN14BattleStrategyD2Ev:
        3:    7:BattleStrategy::~BattleStrategy() 
        3:    8:{ }
------------------
