        -:    0:Source:Cavalry.cpp
        -:    1:#include <iostream>
        -:    2:using namespace std;
        -:    3:
        -:    4:#include "Cavalry.h"
        -:    5:
        -:    6:
        6:    7:void Cavalry::move()
        -:    8:{
        6:    9:    cout << "Cavalry is moving on the battlefield."<<endl;
        6:   10:}
        -:   11:
        3:   12:void Cavalry::attack()
        -:   13:{
        3:   14:    cout << "Cavalry is engaging in combat."<<endl;  
        3:   15:}
        -:   16:
        3:   17:void Cavalry::fight(){
        3:   18:    cout << "Cavalry attacking the enemy ." << endl ;
        3:   19:}
        -:   20:
    #####:   21:void Cavalry::add(UnitComponent* component)  {
    #####:   22:        std::cout << "Cannot add to leaf unit." << std::endl;
    #####:   23:    }
        -:   24:
    #####:   25:void Cavalry :: remove(UnitComponent* component)  {
    #####:   26:        std::cout << "Cannot remove from leaf unit." << std::endl;
    #####:   27:    }
       6*:   28:Cavalry::~Cavalry()
       6*:   29:{}
------------------
_ZN7CavalryD0Ev:
    #####:   28:Cavalry::~Cavalry()
    #####:   29:{}
------------------
_ZN7CavalryD2Ev:
        6:   28:Cavalry::~Cavalry()
        6:   29:{}
------------------
        -:   30:
