        -:    0:Source:Flanking.cpp
        -:    1:#include <iostream>
        -:    2:#include "Flanking.h"
        -:    3:using namespace std;
        -:    4:
        3:    5:void Flanking::engage() 
        -:    6:{
        3:    7:   cout << "Implementing the Flanking's engage()" << endl;
        3:    8:}
        6:    9:Flanking::~Flanking()
        -:   10:{
        3:   11:      cout << "Flanking deleting" << endl;
        6:   12:}
------------------
_ZN8FlankingD0Ev:
        3:    9:Flanking::~Flanking()
        -:   10:{
        -:   11:      cout << "Flanking deleting" << endl;
        3:   12:}
------------------
_ZN8FlankingD2Ev:
        3:    9:Flanking::~Flanking()
        -:   10:{
        3:   11:      cout << "Flanking deleting" << endl;
        3:   12:}
------------------
