        -:    0:Source:Legion.cpp
        -:    1:#include "Legion.h"
        -:    2:
        1:    3:void Legion::move(){
        1:    4:    cout << "Legion moving as a unit ." << endl ;
       16:    5:    for(UnitComponent* child : children){
       15:    6:        child->move();
        -:    7:    }
        1:    8:}
        -:    9:
        1:   10:void Legion::fight(){
        1:   11:    cout << "Legion engaging in battle ." << endl ;
       16:   12:    for(UnitComponent* child : children){
       15:   13:        child->fight();
        -:   14:    }
        1:   15:}
        -:   16:
       24:   17:void Legion::add(UnitComponent* child){
       24:   18:    children.push_back(child);
       24:   19:}
        -:   20:
        1:   21:void Legion::remove(UnitComponent* child) {
       1*:   22:    for (auto it = children.begin(); it != children.end(); ++it) {
        1:   23:        if (*it == child) {
        1:   24:            delete *it ;
        1:   25:            children.erase(it);
        1:   26:            return;  
        -:   27:        }
        -:   28:    }
        -:   29:}
        7:   30:Legion::~Legion()
        -:   31:{
       27:   32:    for (auto child : children) {
       23:   33:            delete child; 
        -:   34:        }
        7:   35:}
------------------
_ZN6LegionD0Ev:
        3:   30:Legion::~Legion()
        -:   31:{
        -:   32:    for (auto child : children) {
        -:   33:            delete child; 
        -:   34:        }
        3:   35:}
------------------
_ZN6LegionD2Ev:
        4:   30:Legion::~Legion()
        -:   31:{
       27:   32:    for (auto child : children) {
       23:   33:            delete child; 
        -:   34:        }
        4:   35:}
------------------
