        -:    0:Source:OpenField_A.cpp
        -:    1:#include <iostream>
        -:    2:#include "OpenField_A.h"
        -:    3:
        -:    4:using namespace std;
        -:    5:
        6:    6:void OpenField_A::move()
        -:    7:{
        6:    8:    Artillery::move();
        6:    9:    cout << "Openfield Artillery is moving on the battlefield."<<endl;
        6:   10:}
        -:   11:
        3:   12:void OpenField_A::attack()
        -:   13:{
        3:   14:    Artillery::attack();
        3:   15:    cout << "Openfield Artillery is engaging in combat."<<endl;
        3:   16:}
        -:   17:
       12:   18:OpenField_A::~OpenField_A()
       12:   19:{}
------------------
_ZN11OpenField_AD0Ev:
        6:   18:OpenField_A::~OpenField_A()
        6:   19:{}
------------------
_ZN11OpenField_AD2Ev:
        6:   18:OpenField_A::~OpenField_A()
        6:   19:{}
------------------
