        -:    0:Source:OpenField_C.cpp
        -:    1:#include <iostream>
        -:    2:#include "OpenField_C.h"
        -:    3:
        -:    4:using namespace std;
        -:    5:
        6:    6:void OpenField_C::move()
        -:    7:{
        6:    8:    Cavalry::move();
        6:    9:    cout << "Openfield Cavalry is moving on the battlefield."<<endl;
        6:   10:}
        -:   11:
        3:   12:void OpenField_C::attack()
        -:   13:{
        3:   14:    Cavalry::attack();
        3:   15:    cout << "Openfield Cavalry is engaging in combat."<<endl;
        3:   16:}
        -:   17:
       12:   18:OpenField_C::~OpenField_C()
       12:   19:{}
------------------
_ZN11OpenField_CD0Ev:
        6:   18:OpenField_C::~OpenField_C()
        6:   19:{}
------------------
_ZN11OpenField_CD2Ev:
        6:   18:OpenField_C::~OpenField_C()
        6:   19:{}
------------------
