        -:    0:Source:OpenField_A.cpp
        -:    1:#include <iostream>
        -:    2:#include "OpenField_A.h"
        -:    3:
        -:    4:using namespace std;
        -:    5:
        7:    6:void OpenField_A::move()
        -:    7:{
        7:    8:    Artillery::move();
        7:    9:    cout << "Openfield Artillery is moving on the battlefield."<<endl;
        7:   10:}
        -:   11:
        1:   12:void OpenField_A::attack()
        -:   13:{
        1:   14:    Artillery::attack();
        1:   15:    cout << "Openfield Artillery is engaging in combat."<<endl;
        1:   16:}
        -:   17:
       14:   18:OpenField_A::~OpenField_A()
       14:   19:{}
------------------
_ZN11OpenField_AD0Ev:
        7:   18:OpenField_A::~OpenField_A()
        7:   19:{}
------------------
_ZN11OpenField_AD2Ev:
        7:   18:OpenField_A::~OpenField_A()
        7:   19:{}
------------------
