        -:    0:Source:OpenField_I.cpp
        -:    1:#include <iostream>
        -:    2:#include "OpenField_I.h"
        -:    3:
        -:    4:using namespace std;
        -:    5:
        7:    6:void OpenField_I::move()
        -:    7:{
        7:    8:    Infantry::move();
        7:    9:    cout << "Openfield Infantry is moving on the battlefield."<<endl;
        7:   10:}
        -:   11:
        1:   12:void OpenField_I::attack()
        -:   13:{
        1:   14:    Infantry::attack();
        1:   15:    cout << "Openfield Infantry is engaging in combat."<<endl;
        1:   16:}
        -:   17:
       14:   18:OpenField_I::~OpenField_I()
        -:   19:{
        -:   20:    
       14:   21:}
------------------
_ZN11OpenField_ID0Ev:
        7:   18:OpenField_I::~OpenField_I()
        -:   19:{
        -:   20:    
        7:   21:}
------------------
_ZN11OpenField_ID2Ev:
        7:   18:OpenField_I::~OpenField_I()
        -:   19:{
        -:   20:    
        7:   21:}
------------------
