        -:    0:Source:OpenFieldFactory.cpp
        -:    1:#include <iostream>
        -:    2:
        -:    3:using namespace std;
        -:    4:
        -:    5:#include "OpenFieldFactory.h"
        -:    6:#include "OpenField_I.h" // Header file for OpenField_I
        -:    7:#include "OpenField_C.h" // Header file for OpenField_C
        -:    8:#include "OpenField_A.h" // Header file for OpenField_A"
        -:    9:
        -:   10:// Implementing Infantry creation method
        7:   11:Infantry* OpenFieldFactory::createInfantry() {
        7:   12:    return new OpenField_I();  // Ensure OpenField_I is a concrete class
        -:   13:}
        -:   14:
        -:   15:// Implementing Cavalry creation method
        7:   16:Cavalry* OpenFieldFactory::createCavalry() {
        7:   17:    return new OpenField_C();  // Ensure OpenField_C is a concrete class
        -:   18:}
        -:   19:
        -:   20:// Implementing Artillery creation method
        7:   21:Artillery* OpenFieldFactory::createArtillery() {
        7:   22:    return new OpenField_A();  // Ensure OpenField_A is a concrete class
        -:   23:}
        -:   24:
        1:   25: void OpenFieldFactory::deployArtillery()
        -:   26: {
        1:   27:     cout << "Deploying Openfield Factory siege engines for terrain challenges" << endl;
        1:   28: }
        -:   29:
        6:   30: OpenFieldFactory::~OpenFieldFactory()
        6:   31: {}
------------------
_ZN16OpenFieldFactoryD0Ev:
        3:   30: OpenFieldFactory::~OpenFieldFactory()
        3:   31: {}
------------------
_ZN16OpenFieldFactoryD2Ev:
        3:   30: OpenFieldFactory::~OpenFieldFactory()
        3:   31: {}
------------------
