        -:    0:Source:OpenField_C.cpp
        -:    1:#include <iostream>
        -:    2:#include "OpenField_C.h"
        -:    3:
        -:    4:using namespace std;
        -:    5:
        7:    6:void OpenField_C::move()
        -:    7:{
        7:    8:    Cavalry::move();
        7:    9:    cout << "Openfield Cavalry is moving on the battlefield."<<endl;
        7:   10:}
        -:   11:
        1:   12:void OpenField_C::attack()
        -:   13:{
        1:   14:    Cavalry::attack();
        1:   15:    cout << "Openfield Cavalry is engaging in combat."<<endl;
        1:   16:}
        -:   17:
       14:   18:OpenField_C::~OpenField_C()
       14:   19:{}
------------------
_ZN11OpenField_CD0Ev:
        7:   18:OpenField_C::~OpenField_C()
        7:   19:{}
------------------
_ZN11OpenField_CD2Ev:
        7:   18:OpenField_C::~OpenField_C()
        7:   19:{}
------------------
