        -:    0:Source:Riverbank_I.cpp
        -:    1:#include <iostream>
        -:    2:#include "Riverbank_I.h"
        -:    3:
        -:    4:using namespace std;
        -:    5:
        6:    6:void Riverbank_I::move()
        -:    7:{
        6:    8:    Infantry::move();
        6:    9:    cout << "Riverbank Infantry is moving on the battlefield."<<endl;
        6:   10:}
        -:   11:
        3:   12:void Riverbank_I::attack()
        -:   13:{
        3:   14:    Infantry::attack();
        3:   15:    cout << "Riverbank Infantry is engaging in combat."<<endl;
        3:   16:}
