        -:    0:Source:Riverbank_C.cpp
        -:    1:#include <iostream>
        -:    2:#include "Riverbank_C.h"
        -:    3:
        -:    4:using namespace std;
        -:    5:
        6:    6:void Riverbank_C::move()
        -:    7:{
        6:    8:    Cavalry::move();
        6:    9:    cout << "Riverbank Cavalry is moving on the battlefield."<<endl;
        6:   10:}
        -:   11:
        3:   12:void Riverbank_C::attack()
        -:   13:{
        3:   14:    Cavalry::attack();
        3:   15:    cout << "Riverbank Cavalry is engaging in combat."<<endl;
        3:   16:}
