        -:    0:Source:TacticalMemento.h
        -:    1:#ifndef TACTICALMEMENTO_H
        -:    2:#define TACTICALMEMENTO_H
        -:    3:
        -:    4:#include "BattleStrategy.h"
        -:    5:#include <iostream>
        -:    6:using namespace std ;
        -:    7:
        -:    8:class TacticalMemento{
        -:    9:    private :
        -:   10:    BattleStrategy* storedStrategy ;
        -:   11:
        -:   12:    public :
        9:   13:    TacticalMemento(BattleStrategy* strategy = nullptr) : storedStrategy(strategy){};
        -:   14:    void storeStrategy(BattleStrategy* strategy);
        -:   15:    BattleStrategy* getStoredStrategy() const;
        -:   16:    
        -:   17:    ~TacticalMemento();
        -:   18:};
        -:   19:
        -:   20:
        -:   21:#endif
