        -:    0:Source:TacticalPlanner.cpp
        -:    1:#include "TacticalPlanner.h"
        -:    2:
        3:    3:TacticalMemento* TacticalPlanner::createMemento(){
        3:    4:    return new TacticalMemento(currentStrategy);
        -:    5:}
        -:    6:
    #####:    7:void TacticalPlanner::restoreMemento(TacticalMemento* memento){
        -:    8:    
    #####:    9:    if(memento){
    #####:   10:        currentStrategy = memento->getStoredStrategy();
        -:   11:    }
    #####:   12:}
        -:   13: 
        1:   14:TacticalPlanner::~TacticalPlanner(){
       1*:   15:    delete currentStrategy ;
        1:   16:    currentStrategy = nullptr ;
        1:   17:}
        -:   18:
    #####:   19:void TacticalPlanner::setStrategy(BattleStrategy* newStrategy){
    #####:   20:    delete currentStrategy;
    #####:   21:    currentStrategy = newStrategy ;
    #####:   22:}
    #####:   23:BattleStrategy* TacticalPlanner::getCurrentStrategy() const {
    #####:   24:        return currentStrategy;
        -:   25:    }
        -:   26:
