        -:    0:Source:TacticalMemento.cpp
        -:    1:#include "TacticalMemento.h"
        -:    2:
        3:    3:void TacticalMemento::storeStrategy(BattleStrategy* strategy){
        3:    4:   if(storedStrategy!=nullptr)
    #####:    5:   {delete storedStrategy;}
        -:    6:
        3:    7:    storedStrategy = strategy ;
        3:    8:}
        -:    9:
        1:   10:BattleStrategy* TacticalMemento::getStoredStrategy() const{
        1:   11:    return storedStrategy ;
        -:   12:}
        -:   13:
        3:   14: TacticalMemento::~TacticalMemento(){
        3:   15:        cout << "Memento deleted and storedStrategy deleted .";
        -:   16:      
        3:   17:    }
