        -:    0:Source:TacticalMemento.cpp
        -:    1:#include "TacticalMemento.h"
        -:    2:
        9:    3:void TacticalMemento::storeStrategy(BattleStrategy* strategy){
        9:    4:   if(storedStrategy!=nullptr)
    #####:    5:   {delete storedStrategy;}
        -:    6:
        9:    7:    storedStrategy = strategy ;
        9:    8:}
        -:    9:
    #####:   10:BattleStrategy* TacticalMemento::getStoredStrategy() const{
    #####:   11:    return storedStrategy ;
        -:   12:}
        -:   13:
        9:   14: TacticalMemento::~TacticalMemento(){
        9:   15:        cout << "Memento deleted and storedStrategy deleted .";
        -:   16:      
        9:   17:    }
