        -:    0:Source:WarArchives.cpp
        -:    1:#include "WarArchives.h"
        -:    2:
        9:    3:void WarArchives::addTacticalMemento(TacticalMemento* memento, string label){
        9:    4:    mementoList.emplace_back(label, memento);
        9:    5:}
        -:    6:
    #####:    7:void WarArchives::removeTacticalMemento(string label){
    #####:    8:    auto it = remove_if(mementoList.begin(), mementoList.end(),[&](const Pair& pair){
    #####:    9:        return pair.key == label ;
        -:   10:    });
    #####:   11:    if(it != mementoList.end()){
    #####:   12:        mementoList.erase(it, mementoList.end());
        -:   13:    }
    #####:   14:}
        -:   15:
    #####:   16:TacticalMemento* WarArchives::getTacticalMemento(const string& label) const {
    #####:   17:        for (const auto& pair : mementoList) {
    #####:   18:            if (pair.key == label) {
    #####:   19:                return pair.memento;
        -:   20:            }
        -:   21:        }
    #####:   22:        return nullptr; // Return nullptr if the label is not found
        -:   23:    }
        -:   24:
        3:   25:WarArchives::~WarArchives() {
        -:   26:   
        3:   27:}
