        -:    0:Source:WarArchives.h
        -:    1:#ifndef WARARCHIVES_H
        -:    2:#define WARARCHIVES_H
        -:    3:
        -:    4:#include <string>
        -:    5:#include <algorithm>
        -:    6:#include "TacticalMemento.h"
        -:    7:#include <vector>
        -:    8:#include <iostream>
        -:    9:
        -:   10:using namespace std ;
        -:   11:
        -:   12:class WarArchives
        -:   13:{ 
        -:   14:    private :
        -:   15:        struct Pair {
        -:   16:            string key ;
        -:   17:            TacticalMemento* memento ;
        -:   18:
        9:   19:            Pair(const std::string& key, TacticalMemento* memento) : key(key), memento(memento){}
        -:   20:        };
        -:   21:        vector<Pair> mementoList ;
        -:   22:    public : 
        -:   23:        void addTacticalMemento(TacticalMemento* memento, string label);
        -:   24:        void removeTacticalMemento(string label);
        -:   25:        TacticalMemento* getTacticalMemento(const string& label) const ;
        -:   26:        ~WarArchives();
        -:   27:        // void undo(); , maybe ?
        -:   28:        // might add more methods     
        -:   29:};
        -:   30:
        -:   31:
        -:   32:
        -:   33:#endif
