        -:    0:Source:Woodland_I.cpp
        -:    1:#include <iostream>
        -:    2:#include "Woodland_I.h"
        -:    3:
        -:    4:using namespace std;
        -:    5:
        2:    6:void Woodland_I::move()
        -:    7:{
        2:    8:    Infantry::move();
        2:    9:    cout << "Woodland Infantry is moving on the battlefield."<<endl;
        2:   10:}
        -:   11:
        1:   12:void Woodland_I::attack()
        -:   13:{
        1:   14:    Infantry::attack();
        1:   15:    cout << "Woodland Infantry is engaging in combat."<<endl;
        1:   16:}
