        -:    0:Source:WoodlandFactory.cpp
        -:    1:#include <iostream>
        -:    2:#include "WoodlandFactory.h"
        -:    3:
        -:    4:using namespace std;
        -:    5:
        6:    6: Infantry* WoodlandFactory::createInfantry()  
        -:    7: {
        6:    8:        return new Woodland_I();
        -:    9: }
        -:   10:
        6:   11: Cavalry* WoodlandFactory::createCavalry()  
        -:   12: {
        6:   13:        return new Woodland_C();
        -:   14: }
        -:   15:
        6:   16:  Artillery* WoodlandFactory::createArtillery()  
        -:   17: {
        6:   18:        return new Woodland_A();
        -:   19: }
    #####:   20: void WoodlandFactory::deployArtillery()
        -:   21: {
    #####:   22:   cout << "Deploying Riverbank Factory siege engines for terrain challenges" << endl;
    #####:   23: }
       12:   24: WoodlandFactory::~WoodlandFactory()
        -:   25: {
        -:   26:    
       12:   27: }
------------------
_ZN15WoodlandFactoryD0Ev:
        6:   24: WoodlandFactory::~WoodlandFactory()
        -:   25: {
        -:   26:    
        6:   27: }
------------------
_ZN15WoodlandFactoryD2Ev:
        6:   24: WoodlandFactory::~WoodlandFactory()
        -:   25: {
        -:   26:    
        6:   27: }
------------------
