        -:    0:Source:Woodland_A.cpp
        -:    1:#include <iostream>
        -:    2:#include "Woodland_A.h"
        -:    3:
        -:    4:using namespace std;
        -:    5:
        2:    6:void Woodland_A::move()
        -:    7:{
        2:    8:    Artillery::move();
        2:    9:    cout << "Woodland Artillery is moving on the battlefield."<<endl;
        2:   10:}
        -:   11:
        1:   12:void Woodland_A::attack()
        -:   13:{
        1:   14:    Artillery::attack();
        1:   15:    cout << "Woodland Artillery is engaging in combat."<<endl;
        1:   16:}
