        -:    0:Source:WoodlandFactory.cpp
        -:    1:#include <iostream>
        -:    2:#include "WoodlandFactory.h"
        -:    3:
        -:    4:using namespace std;
        -:    5:
        2:    6: Infantry* WoodlandFactory::createInfantry()  
        -:    7: {
        2:    8:        return new Woodland_I();
        -:    9: }
        -:   10:
        2:   11: Cavalry* WoodlandFactory::createCavalry()  
        -:   12: {
        2:   13:        return new Woodland_C();
        -:   14: }
        -:   15:
        2:   16:  Artillery* WoodlandFactory::createArtillery()  
        -:   17: {
        2:   18:        return new Woodland_A();
        -:   19: }
        1:   20: void WoodlandFactory::deployArtillery()
        -:   21: {
        1:   22:   cout << "Deploying Riverbank Factory siege engines for terrain challenges" << endl;
        1:   23: }
        6:   24: WoodlandFactory::~WoodlandFactory()
        -:   25: {
        -:   26:    
        6:   27: }
------------------
_ZN15WoodlandFactoryD0Ev:
        3:   24: WoodlandFactory::~WoodlandFactory()
        -:   25: {
        -:   26:    
        3:   27: }
------------------
_ZN15WoodlandFactoryD2Ev:
        3:   24: WoodlandFactory::~WoodlandFactory()
        -:   25: {
        -:   26:    
        3:   27: }
------------------
